<?xml version="1.0" encoding="UTF-8"?>
<testsuite xmlns:xsi="http://www.w3.org/2001/XMLSchema-instance" xsi:noNamespaceSchemaLocation="https://maven.apache.org/surefire/maven-surefire-plugin/xsd/surefire-test-report-3.0.xsd" version="3.0" name="edu.brown.cs.student.boggle.DictionaryTest" time="0.359" tests="3" errors="0" skipped="0" failures="0">
  <properties>
[...]
</properties>
  <testcase name="testNew" classname="edu.brown.cs.student.boggle.DictionaryTest" time="0"/>
  <testcase name="testContains" classname="edu.brown.cs.student.boggle.DictionaryTest" time="0.167"/>
  <testcase name="testPrefix" classname="edu.brown.cs.student.boggle.DictionaryTest" time="0.18"/>
</testsuite>